<?xml version="1.0" encoding="UTF-8"?>
<!-- Generated by org.testng.reporters.JUnitXMLReporter -->
<testsuite hostname="LTIN214668" failures="0" tests="5" name="Default test" time="1.452" errors="0" timestamp="23 Feb 2024 07:04:08 GMT">
  <testcase classname="testCases.TC_01_DoctorSearch" name="@BeforeClass setup" time="0.0">
    <failure type="org.testng.TestNGException" message="
Parameter &amp;apos;browser&amp;apos; is required by @Configuration on method setup but has not been marked @Optional or defined
in C:\Users\2304113\AppData\Local\Temp\2\testng-eclipse-575682392\testng-customsuite.xml">
      <![CDATA[org.testng.TestNGException: 
Parameter 'browser' is required by @Configuration on method setup but has not been marked @Optional or defined
in C:\Users\2304113\AppData\Local\Temp\2\testng-eclipse-575682392\testng-customsuite.xml
	at org.testng.internal.Parameters.createParameters(Parameters.java:154)
	at org.testng.internal.Parameters.createParameters(Parameters.java:361)
	at org.testng.internal.Parameters.createConfigurationParameters(Parameters.java:84)
	at org.testng.internal.Invoker.invokeConfigurations(Invoker.java:201)
	at org.testng.internal.Invoker.invokeConfigurations(Invoker.java:142)
	at org.testng.internal.TestMethodWorker.invokeBeforeClassMethods(TestMethodWorker.java:178)
	at org.testng.internal.TestMethodWorker.run(TestMethodWorker.java:108)
	at org.testng.TestRunner.privateRun(TestRunner.java:782)
	at org.testng.TestRunner.run(TestRunner.java:632)
	at org.testng.SuiteRunner.runTest(SuiteRunner.java:366)
	at org.testng.SuiteRunner.runSequentially(SuiteRunner.java:361)
	at org.testng.SuiteRunner.privateRun(SuiteRunner.java:319)
	at org.testng.SuiteRunner.run(SuiteRunner.java:268)
	at org.testng.SuiteRunnerWorker.runSuite(SuiteRunnerWorker.java:52)
	at org.testng.SuiteRunnerWorker.run(SuiteRunnerWorker.java:86)
	at org.testng.TestNG.runSuitesSequentially(TestNG.java:1244)
	at org.testng.TestNG.runSuitesLocally(TestNG.java:1169)
	at org.testng.TestNG.run(TestNG.java:1064)
	at org.testng.remote.AbstractRemoteTestNG.run(AbstractRemoteTestNG.java:115)
	at org.testng.remote.RemoteTestNG.initAndRun(RemoteTestNG.java:251)
	at org.testng.remote.RemoteTestNG.main(RemoteTestNG.java:77)
]]>
    </failure>
  </testcase> <!-- @BeforeClass setup -->
  <testcase classname="testCases.TC_01_DoctorSearch" name="@AfterClass closure" time="0.0">
    <skipped/>
  </testcase> <!-- @AfterClass closure -->
  <testcase classname="testCases.TC_01_DoctorSearch" name="search" time="0.022">
    <skipped/>
  </testcase> <!-- search -->
  <testcase classname="testCases.TC_01_DoctorSearch" name="sortD" time="0.004">
    <skipped/>
  </testcase> <!-- sortD -->
  <testcase classname="testCases.TC_01_DoctorSearch" name="GetName" time="0.002">
    <skipped/>
  </testcase> <!-- GetName -->
  <testcase classname="testCases.TC_01_DoctorSearch" name="surLst" time="0.003">
    <skipped/>
  </testcase> <!-- surLst -->
  <testcase classname="testCases.TC_01_DoctorSearch" name="FormValidation" time="0.003">
    <skipped/>
  </testcase> <!-- FormValidation -->
</testsuite> <!-- Default test -->
